-- Install configuration: ""
-- Up-to-date: /home/wube/health_bot_ws/install/health_bot_description/share/health_bot_description/launch
-- Up-to-date: /home/wube/health_bot_ws/install/health_bot_description/share/health_bot_description/launch/launch_sim.launch.py
-- Up-to-date: /home/wube/health_bot_ws/install/health_bot_description/share/health_bot_description/launch/rsp.launch.py
-- Up-to-date: /home/wube/health_bot_ws/install/health_bot_description/share/health_bot_description/urdf
-- Up-to-date: /home/wube/health_bot_ws/install/health_bot_description/share/health_bot_description/urdf/inertials.xacro
-- Installing: /home/wube/health_bot_ws/install/health_bot_description/share/health_bot_description/urdf/test.urdf
-- Installing: /home/wube/health_bot_ws/install/health_bot_description/share/health_bot_description/urdf/robot.urdf.xacro
-- Up-to-date: /home/wube/health_bot_ws/install/health_bot_description/share/ament_index/resource_index/package_run_dependencies/health_bot_description
-- Up-to-date: /home/wube/health_bot_ws/install/health_bot_description/share/ament_index/resource_index/parent_prefix_path/health_bot_description
-- Up-to-date: /home/wube/health_bot_ws/install/health_bot_description/share/health_bot_description/environment/ament_prefix_path.sh
-- Up-to-date: /home/wube/health_bot_ws/install/health_bot_description/share/health_bot_description/environment/ament_prefix_path.dsv
-- Up-to-date: /home/wube/health_bot_ws/install/health_bot_description/share/health_bot_description/environment/path.sh
-- Up-to-date: /home/wube/health_bot_ws/install/health_bot_description/share/health_bot_description/environment/path.dsv
-- Up-to-date: /home/wube/health_bot_ws/install/health_bot_description/share/health_bot_description/local_setup.bash
-- Up-to-date: /home/wube/health_bot_ws/install/health_bot_description/share/health_bot_description/local_setup.sh
-- Up-to-date: /home/wube/health_bot_ws/install/health_bot_description/share/health_bot_description/local_setup.zsh
-- Up-to-date: /home/wube/health_bot_ws/install/health_bot_description/share/health_bot_description/local_setup.dsv
-- Installing: /home/wube/health_bot_ws/install/health_bot_description/share/health_bot_description/package.dsv
-- Up-to-date: /home/wube/health_bot_ws/install/health_bot_description/share/ament_index/resource_index/packages/health_bot_description
-- Up-to-date: /home/wube/health_bot_ws/install/health_bot_description/share/health_bot_description/cmake/health_bot_descriptionConfig.cmake
-- Up-to-date: /home/wube/health_bot_ws/install/health_bot_description/share/health_bot_description/cmake/health_bot_descriptionConfig-version.cmake
-- Up-to-date: /home/wube/health_bot_ws/install/health_bot_description/share/health_bot_description/package.xml
