[0.020s] Invoking command in '/home/wube/health_bot_ws/build/health_bot_description': CMAKE_PREFIX_PATH=${CMAKE_PREFIX_PATH}:/opt/ros/jazzy DEBUGINFOD_URLS=https://debuginfod.ubuntu.com /usr/bin/cmake --build /home/wube/health_bot_ws/build/health_bot_description -- -j12 -l12
[0.099s] Invoked command in '/home/wube/health_bot_ws/build/health_bot_description' returned '0': CMAKE_PREFIX_PATH=${CMAKE_PREFIX_PATH}:/opt/ros/jazzy DEBUGINFOD_URLS=https://debuginfod.ubuntu.com /usr/bin/cmake --build /home/wube/health_bot_ws/build/health_bot_description -- -j12 -l12
[0.120s] Invoking command in '/home/wube/health_bot_ws/build/health_bot_description': CMAKE_PREFIX_PATH=${CMAKE_PREFIX_PATH}:/opt/ros/jazzy DEBUGINFOD_URLS=https://debuginfod.ubuntu.com /usr/bin/cmake --install /home/wube/health_bot_ws/build/health_bot_description
[0.137s] -- Install configuration: ""
[0.138s] -- Up-to-date: /home/wube/health_bot_ws/install/health_bot_description/share/health_bot_description/launch
[0.138s] -- Up-to-date: /home/wube/health_bot_ws/install/health_bot_description/share/health_bot_description/launch/launch_sim.launch.py
[0.138s] -- Up-to-date: /home/wube/health_bot_ws/install/health_bot_description/share/health_bot_description/launch/rsp.launch.py
[0.138s] -- Up-to-date: /home/wube/health_bot_ws/install/health_bot_description/share/health_bot_description/urdf
[0.138s] -- Up-to-date: /home/wube/health_bot_ws/install/health_bot_description/share/health_bot_description/urdf/inertials.xacro
[0.138s] -- Up-to-date: /home/wube/health_bot_ws/install/health_bot_description/share/health_bot_description/urdf/test.urdf
[0.139s] -- Installing: /home/wube/health_bot_ws/install/health_bot_description/share/health_bot_description/urdf/robot.urdf.xacro
[0.139s] -- Up-to-date: /home/wube/health_bot_ws/install/health_bot_description/share/ament_index/resource_index/package_run_dependencies/health_bot_description
[0.139s] -- Up-to-date: /home/wube/health_bot_ws/install/health_bot_description/share/ament_index/resource_index/parent_prefix_path/health_bot_description
[0.139s] -- Up-to-date: /home/wube/health_bot_ws/install/health_bot_description/share/health_bot_description/environment/ament_prefix_path.sh
[0.139s] -- Up-to-date: /home/wube/health_bot_ws/install/health_bot_description/share/health_bot_description/environment/ament_prefix_path.dsv
[0.139s] -- Up-to-date: /home/wube/health_bot_ws/install/health_bot_description/share/health_bot_description/environment/path.sh
[0.140s] -- Up-to-date: /home/wube/health_bot_ws/install/health_bot_description/share/health_bot_description/environment/path.dsv
[0.140s] -- Up-to-date: /home/wube/health_bot_ws/install/health_bot_description/share/health_bot_description/local_setup.bash
[0.140s] -- Up-to-date: /home/wube/health_bot_ws/install/health_bot_description/share/health_bot_description/local_setup.sh
[0.140s] -- Up-to-date: /home/wube/health_bot_ws/install/health_bot_description/share/health_bot_description/local_setup.zsh
[0.140s] -- Up-to-date: /home/wube/health_bot_ws/install/health_bot_description/share/health_bot_description/local_setup.dsv
[0.140s] -- Installing: /home/wube/health_bot_ws/install/health_bot_description/share/health_bot_description/package.dsv
[0.140s] -- Up-to-date: /home/wube/health_bot_ws/install/health_bot_description/share/ament_index/resource_index/packages/health_bot_description
[0.141s] -- Up-to-date: /home/wube/health_bot_ws/install/health_bot_description/share/health_bot_description/cmake/health_bot_descriptionConfig.cmake
[0.141s] -- Up-to-date: /home/wube/health_bot_ws/install/health_bot_description/share/health_bot_description/cmake/health_bot_descriptionConfig-version.cmake
[0.141s] -- Up-to-date: /home/wube/health_bot_ws/install/health_bot_description/share/health_bot_description/package.xml
[0.143s] Invoked command in '/home/wube/health_bot_ws/build/health_bot_description' returned '0': CMAKE_PREFIX_PATH=${CMAKE_PREFIX_PATH}:/opt/ros/jazzy DEBUGINFOD_URLS=https://debuginfod.ubuntu.com /usr/bin/cmake --install /home/wube/health_bot_ws/build/health_bot_description
