-- Found ament_cmake: 2.5.5 (/opt/ros/jazzy/share/ament_cmake/cmake)
-- Override CMake install command with custom implementation using symlinks instead of copying resources
-- Found ament_lint_auto: 0.17.4 (/opt/ros/jazzy/share/ament_lint_auto/cmake)
-- Added test 'flake8' to check Python code syntax and style conventions
-- Configured 'flake8' exclude dirs and/or files: 
-- Added test 'lint_cmake' to check CMake code style
-- Added test 'pep257' to check Python code against some of the docstring style conventions in PEP 257
-- Added test 'xmllint' to check XML markup files
-- Configuring done (0.8s)
-- Generating done (0.0s)
-- Build files have been written to: /home/wube/health_bot_ws/build/health_bot_description
-- Install configuration: ""
-- Execute custom install script
-- Symlinking: /home/wube/health_bot_ws/install/health_bot_description/share/health_bot_description/launch/launch_sim.launch.py
-- Symlinking: /home/wube/health_bot_ws/install/health_bot_description/share/health_bot_description/launch/rsp.launch.py
-- Symlinking: /home/wube/health_bot_ws/install/health_bot_description/share/health_bot_description/urdf/inertials.xacro
-- Symlinking: /home/wube/health_bot_ws/install/health_bot_description/share/health_bot_description/urdf/robot.urdf.xacro
-- Symlinking: /home/wube/health_bot_ws/install/health_bot_description/share/health_bot_description/urdf/test.urdf
-- Symlinking: /home/wube/health_bot_ws/install/health_bot_description/share/ament_index/resource_index/package_run_dependencies/health_bot_description
-- Symlinking: /home/wube/health_bot_ws/install/health_bot_description/share/ament_index/resource_index/parent_prefix_path/health_bot_description
-- Symlinking: /home/wube/health_bot_ws/install/health_bot_description/share/health_bot_description/environment/ament_prefix_path.sh
-- Symlinking: /home/wube/health_bot_ws/install/health_bot_description/share/health_bot_description/environment/ament_prefix_path.dsv
-- Symlinking: /home/wube/health_bot_ws/install/health_bot_description/share/health_bot_description/environment/path.sh
-- Symlinking: /home/wube/health_bot_ws/install/health_bot_description/share/health_bot_description/environment/path.dsv
-- Symlinking: /home/wube/health_bot_ws/install/health_bot_description/share/health_bot_description/local_setup.bash
-- Symlinking: /home/wube/health_bot_ws/install/health_bot_description/share/health_bot_description/local_setup.sh
-- Symlinking: /home/wube/health_bot_ws/install/health_bot_description/share/health_bot_description/local_setup.zsh
-- Symlinking: /home/wube/health_bot_ws/install/health_bot_description/share/health_bot_description/local_setup.dsv
-- Symlinking: /home/wube/health_bot_ws/install/health_bot_description/share/health_bot_description/package.dsv
-- Symlinking: /home/wube/health_bot_ws/install/health_bot_description/share/ament_index/resource_index/packages/health_bot_description
-- Symlinking: /home/wube/health_bot_ws/install/health_bot_description/share/health_bot_description/cmake/health_bot_descriptionConfig.cmake
-- Symlinking: /home/wube/health_bot_ws/install/health_bot_description/share/health_bot_description/cmake/health_bot_descriptionConfig-version.cmake
-- Symlinking: /home/wube/health_bot_ws/install/health_bot_description/share/health_bot_description/package.xml
