[0.019s] Invoking command in '/home/wube/health_bot_ws/build/health_bot_description': DEBUGINFOD_URLS=https://debuginfod.ubuntu.com /usr/bin/cmake /home/wube/health_bot_ws/src/health_bot_description -DCMAKE_INSTALL_PREFIX=/home/wube/health_bot_ws/install/health_bot_description
[0.632s] -- The C compiler identification is GNU 13.3.0
[1.495s] -- The CXX compiler identification is GNU 13.3.0
[1.537s] -- Detecting C compiler ABI info
[1.710s] -- Detecting C compiler ABI info - done
[1.728s] -- Check for working C compiler: /usr/bin/cc - skipped
[1.729s] -- Detecting C compile features
[1.730s] -- Detecting C compile features - done
[1.748s] -- Detecting CXX compiler ABI info
[1.934s] -- Detecting CXX compiler ABI info - done
[1.952s] -- Check for working CXX compiler: /usr/bin/c++ - skipped
[1.952s] -- Detecting CXX compile features
[1.953s] -- Detecting CXX compile features - done
[1.973s] -- Found ament_cmake: 2.5.5 (/opt/ros/jazzy/share/ament_cmake/cmake)
[2.263s] -- Found Python3: /usr/bin/python3 (found version "3.12.3") found components: Interpreter 
[2.515s] -- Found ament_lint_auto: 0.17.4 (/opt/ros/jazzy/share/ament_lint_auto/cmake)
[2.658s] Error parsing '/home/wube/health_bot_ws/src/health_bot_description/package.xml':
[6.615s] Traceback (most recent call last):
[6.616s]   File "/opt/ros/jazzy/share/ament_cmake_core/cmake/core/package_xml_2_cmake.py", line 150, in <module>
[6.616s]     main()
[6.616s]   File "/opt/ros/jazzy/share/ament_cmake_core/cmake/core/package_xml_2_cmake.py", line 53, in main
[6.616s]     raise e
[6.616s]   File "/opt/ros/jazzy/share/ament_cmake_core/cmake/core/package_xml_2_cmake.py", line 49, in main
[6.617s]     package = parse_package_string(
[6.617s]               ^^^^^^^^^^^^^^^^^^^^^
[6.617s]   File "/usr/lib/python3/dist-packages/catkin_pkg/package.py", line 788, in parse_package_string
[6.618s]     pkg.validate(warnings=warnings)
[6.618s]   File "/usr/lib/python3/dist-packages/catkin_pkg/package.py", line 330, in validate
[6.618s]     raise InvalidPackage('\n'.join(errors), self.filename)
[6.618s] catkin_pkg.package.InvalidPackage: Error(s) in package '/home/wube/health_bot_ws/src/health_bot_description/package.xml':
[6.619s] Invalid email "wubshet2829@gmail.com git config --global user.name Wubshet" for person "wube"
[6.702s] [31mCMake Error at /opt/ros/jazzy/share/ament_cmake_core/cmake/core/ament_package_xml.cmake:95 (message):
[6.703s]   execute_process(/usr/bin/python3
[6.703s]   /opt/ros/jazzy/share/ament_cmake_core/cmake/core/package_xml_2_cmake.py
[6.703s]   /home/wube/health_bot_ws/src/health_bot_description/package.xml
[6.703s]   /home/wube/health_bot_ws/build/health_bot_description/ament_cmake_core/package.cmake)
[6.703s]   returned error code 1
[6.703s] Call Stack (most recent call first):
[6.703s]   /opt/ros/jazzy/share/ament_cmake_core/cmake/core/ament_package_xml.cmake:49 (_ament_package_xml)
[6.704s]   /opt/ros/jazzy/share/ament_lint_auto/cmake/ament_lint_auto_find_test_dependencies.cmake:31 (ament_package_xml)
[6.704s]   CMakeLists.txt:23 (ament_lint_auto_find_test_dependencies)
[6.704s] 
[6.704s] [0m
[6.704s] -- Configuring incomplete, errors occurred!
[6.718s] Invoked command in '/home/wube/health_bot_ws/build/health_bot_description' returned '1': DEBUGINFOD_URLS=https://debuginfod.ubuntu.com /usr/bin/cmake /home/wube/health_bot_ws/src/health_bot_description -DCMAKE_INSTALL_PREFIX=/home/wube/health_bot_ws/install/health_bot_description
