[0.324s] DEBUG:colcon:Command line arguments: ['/usr/bin/colcon', 'build']
[0.324s] DEBUG:colcon:Parsed command line arguments: Namespace(log_base=None, log_level=None, verb_name='build', build_base='build', install_base='install', merge_install=False, symlink_install=False, test_result_base=None, continue_on_error=False, executor='parallel', parallel_workers=12, event_handlers=None, ignore_user_meta=False, metas=['./colcon.meta'], base_paths=['.'], packages_ignore=None, packages_ignore_regex=None, paths=None, packages_up_to=None, packages_up_to_regex=None, packages_above=None, packages_above_and_dependencies=None, packages_above_depth=None, packages_select_by_dep=None, packages_skip_by_dep=None, packages_skip_up_to=None, packages_select_build_failed=False, packages_skip_build_finished=False, packages_select_test_failures=False, packages_skip_test_passed=False, packages_select=None, packages_skip=None, packages_select_regex=None, packages_skip_regex=None, packages_start=None, packages_end=None, allow_overriding=[], cmake_args=None, cmake_target=None, cmake_target_skip_unavailable=False, cmake_clean_cache=False, cmake_clean_first=False, cmake_force_configure=False, ament_cmake_args=None, catkin_cmake_args=None, catkin_skip_building_tests=False, mixin_files=None, mixin=None, verb_parser=<colcon_mixin.mixin.mixin_argument.MixinArgumentDecorator object at 0x7e74c04911c0>, verb_extension=<colcon_core.verb.build.BuildVerb object at 0x7e74c05c5850>, main=<bound method BuildVerb.main of <colcon_core.verb.build.BuildVerb object at 0x7e74c05c5850>>, mixin_verb=('build',))
[0.428s] Level 1:colcon.colcon_core.package_discovery:discover_packages(colcon_meta) check parameters
[0.429s] Level 1:colcon.colcon_core.package_discovery:discover_packages(recursive) check parameters
[0.429s] Level 1:colcon.colcon_core.package_discovery:discover_packages(ignore) check parameters
[0.429s] Level 1:colcon.colcon_core.package_discovery:discover_packages(path) check parameters
[0.429s] Level 1:colcon.colcon_core.package_discovery:discover_packages(colcon_meta) discover
[0.429s] Level 1:colcon.colcon_core.package_discovery:discover_packages(recursive) discover
[0.429s] INFO:colcon.colcon_core.package_discovery:Crawling recursively for packages in '/home/wube/health_bot_ws'
[0.429s] Level 1:colcon.colcon_core.package_identification:_identify(.) by extensions ['ignore', 'ignore_ament_install']
[0.429s] Level 1:colcon.colcon_core.package_identification:_identify(.) by extension 'ignore'
[0.430s] Level 1:colcon.colcon_core.package_identification:_identify(.) by extension 'ignore_ament_install'
[0.430s] Level 1:colcon.colcon_core.package_identification:_identify(.) by extensions ['colcon_pkg']
[0.430s] Level 1:colcon.colcon_core.package_identification:_identify(.) by extension 'colcon_pkg'
[0.430s] Level 1:colcon.colcon_core.package_identification:_identify(.) by extensions ['colcon_meta']
[0.430s] Level 1:colcon.colcon_core.package_identification:_identify(.) by extension 'colcon_meta'
[0.430s] Level 1:colcon.colcon_core.package_identification:_identify(.) by extensions ['ros']
[0.430s] Level 1:colcon.colcon_core.package_identification:_identify(.) by extension 'ros'
[0.483s] Level 1:colcon.colcon_core.package_identification:_identify(.) by extensions ['cmake', 'python']
[0.483s] Level 1:colcon.colcon_core.package_identification:_identify(.) by extension 'cmake'
[0.483s] Level 1:colcon.colcon_core.package_identification:_identify(.) by extension 'python'
[0.483s] Level 1:colcon.colcon_core.package_identification:_identify(.) by extensions ['python_setup_py']
[0.483s] Level 1:colcon.colcon_core.package_identification:_identify(.) by extension 'python_setup_py'
[0.483s] Level 1:colcon.colcon_core.package_identification:_identify(build) by extensions ['ignore', 'ignore_ament_install']
[0.484s] Level 1:colcon.colcon_core.package_identification:_identify(build) by extension 'ignore'
[0.484s] Level 1:colcon.colcon_core.package_identification:_identify(build) ignored
[0.484s] Level 1:colcon.colcon_core.package_identification:_identify(install) by extensions ['ignore', 'ignore_ament_install']
[0.484s] Level 1:colcon.colcon_core.package_identification:_identify(install) by extension 'ignore'
[0.484s] Level 1:colcon.colcon_core.package_identification:_identify(install) ignored
[0.484s] Level 1:colcon.colcon_core.package_identification:_identify(log) by extensions ['ignore', 'ignore_ament_install']
[0.485s] Level 1:colcon.colcon_core.package_identification:_identify(log) by extension 'ignore'
[0.485s] Level 1:colcon.colcon_core.package_identification:_identify(log) ignored
[0.485s] Level 1:colcon.colcon_core.package_identification:_identify(src) by extensions ['ignore', 'ignore_ament_install']
[0.485s] Level 1:colcon.colcon_core.package_identification:_identify(src) by extension 'ignore'
[0.485s] Level 1:colcon.colcon_core.package_identification:_identify(src) by extension 'ignore_ament_install'
[0.485s] Level 1:colcon.colcon_core.package_identification:_identify(src) by extensions ['colcon_pkg']
[0.485s] Level 1:colcon.colcon_core.package_identification:_identify(src) by extension 'colcon_pkg'
[0.485s] Level 1:colcon.colcon_core.package_identification:_identify(src) by extensions ['colcon_meta']
[0.485s] Level 1:colcon.colcon_core.package_identification:_identify(src) by extension 'colcon_meta'
[0.485s] Level 1:colcon.colcon_core.package_identification:_identify(src) by extensions ['ros']
[0.485s] Level 1:colcon.colcon_core.package_identification:_identify(src) by extension 'ros'
[0.486s] Level 1:colcon.colcon_core.package_identification:_identify(src) by extensions ['cmake', 'python']
[0.486s] Level 1:colcon.colcon_core.package_identification:_identify(src) by extension 'cmake'
[0.486s] Level 1:colcon.colcon_core.package_identification:_identify(src) by extension 'python'
[0.486s] Level 1:colcon.colcon_core.package_identification:_identify(src) by extensions ['python_setup_py']
[0.486s] Level 1:colcon.colcon_core.package_identification:_identify(src) by extension 'python_setup_py'
[0.486s] Level 1:colcon.colcon_core.package_identification:_identify(src/health_bot_description) by extensions ['ignore', 'ignore_ament_install']
[0.486s] Level 1:colcon.colcon_core.package_identification:_identify(src/health_bot_description) by extension 'ignore'
[0.486s] Level 1:colcon.colcon_core.package_identification:_identify(src/health_bot_description) by extension 'ignore_ament_install'
[0.487s] Level 1:colcon.colcon_core.package_identification:_identify(src/health_bot_description) by extensions ['colcon_pkg']
[0.487s] Level 1:colcon.colcon_core.package_identification:_identify(src/health_bot_description) by extension 'colcon_pkg'
[0.487s] Level 1:colcon.colcon_core.package_identification:_identify(src/health_bot_description) by extensions ['colcon_meta']
[0.487s] Level 1:colcon.colcon_core.package_identification:_identify(src/health_bot_description) by extension 'colcon_meta'
[0.487s] Level 1:colcon.colcon_core.package_identification:_identify(src/health_bot_description) by extensions ['ros']
[0.487s] Level 1:colcon.colcon_core.package_identification:_identify(src/health_bot_description) by extension 'ros'
[0.493s] DEBUG:colcon.colcon_core.package_identification:Package 'src/health_bot_description' with type 'ros.ament_cmake' and name 'health_bot_description'
[0.493s] Level 1:colcon.colcon_core.package_discovery:discover_packages(recursive) using defaults
[0.493s] Level 1:colcon.colcon_core.package_discovery:discover_packages(ignore) discover
[0.493s] Level 1:colcon.colcon_core.package_discovery:discover_packages(ignore) using defaults
[0.493s] Level 1:colcon.colcon_core.package_discovery:discover_packages(path) discover
[0.493s] Level 1:colcon.colcon_core.package_discovery:discover_packages(path) using defaults
[0.534s] Level 1:colcon.colcon_core.package_discovery:discover_packages(prefix_path) check parameters
[0.534s] Level 1:colcon.colcon_core.package_discovery:discover_packages(prefix_path) discover
[0.541s] DEBUG:colcon.colcon_installed_package_information.package_discovery:Found 319 installed packages in /opt/ros/jazzy
[0.543s] Level 1:colcon.colcon_core.package_discovery:discover_packages(prefix_path) using defaults
[0.626s] Level 5:colcon.colcon_core.verb:set package 'health_bot_description' build argument 'cmake_args' from command line to 'None'
[0.626s] Level 5:colcon.colcon_core.verb:set package 'health_bot_description' build argument 'cmake_target' from command line to 'None'
[0.626s] Level 5:colcon.colcon_core.verb:set package 'health_bot_description' build argument 'cmake_target_skip_unavailable' from command line to 'False'
[0.626s] Level 5:colcon.colcon_core.verb:set package 'health_bot_description' build argument 'cmake_clean_cache' from command line to 'False'
[0.626s] Level 5:colcon.colcon_core.verb:set package 'health_bot_description' build argument 'cmake_clean_first' from command line to 'False'
[0.626s] Level 5:colcon.colcon_core.verb:set package 'health_bot_description' build argument 'cmake_force_configure' from command line to 'False'
[0.626s] Level 5:colcon.colcon_core.verb:set package 'health_bot_description' build argument 'ament_cmake_args' from command line to 'None'
[0.626s] Level 5:colcon.colcon_core.verb:set package 'health_bot_description' build argument 'catkin_cmake_args' from command line to 'None'
[0.626s] Level 5:colcon.colcon_core.verb:set package 'health_bot_description' build argument 'catkin_skip_building_tests' from command line to 'False'
[0.626s] DEBUG:colcon.colcon_core.verb:Building package 'health_bot_description' with the following arguments: {'ament_cmake_args': None, 'build_base': '/home/wube/health_bot_ws/build/health_bot_description', 'catkin_cmake_args': None, 'catkin_skip_building_tests': False, 'cmake_args': None, 'cmake_clean_cache': False, 'cmake_clean_first': False, 'cmake_force_configure': False, 'cmake_target': None, 'cmake_target_skip_unavailable': False, 'install_base': '/home/wube/health_bot_ws/install/health_bot_description', 'merge_install': False, 'path': '/home/wube/health_bot_ws/src/health_bot_description', 'symlink_install': False, 'test_result_base': None}
[0.627s] INFO:colcon.colcon_core.executor:Executing jobs using 'parallel' executor
[0.628s] DEBUG:colcon.colcon_parallel_executor.executor.parallel:run_until_complete
[0.629s] INFO:colcon.colcon_ros.task.ament_cmake.build:Building ROS package in '/home/wube/health_bot_ws/src/health_bot_description' with build type 'ament_cmake'
[0.629s] INFO:colcon.colcon_cmake.task.cmake.build:Building CMake package in '/home/wube/health_bot_ws/src/health_bot_description'
[0.636s] INFO:colcon.colcon_core.plugin_system:Skipping extension 'colcon_core.shell.bat': Not used on non-Windows systems
[0.636s] INFO:colcon.colcon_core.shell:Skip shell extension 'powershell' for command environment: Not usable outside of PowerShell
[0.637s] DEBUG:colcon.colcon_core.shell:Skip shell extension 'dsv' for command environment
[0.652s] DEBUG:colcon.colcon_core.event_handler.log_command:Invoking command in '/home/wube/health_bot_ws/build/health_bot_description': CMAKE_PREFIX_PATH=${CMAKE_PREFIX_PATH}:/opt/ros/jazzy DEBUGINFOD_URLS=https://debuginfod.ubuntu.com /usr/bin/cmake --build /home/wube/health_bot_ws/build/health_bot_description -- -j12 -l12
[0.754s] DEBUG:colcon.colcon_core.event_handler.log_command:Invoked command in '/home/wube/health_bot_ws/build/health_bot_description' returned '0': CMAKE_PREFIX_PATH=${CMAKE_PREFIX_PATH}:/opt/ros/jazzy DEBUGINFOD_URLS=https://debuginfod.ubuntu.com /usr/bin/cmake --build /home/wube/health_bot_ws/build/health_bot_description -- -j12 -l12
[0.773s] DEBUG:colcon.colcon_core.event_handler.log_command:Invoking command in '/home/wube/health_bot_ws/build/health_bot_description': CMAKE_PREFIX_PATH=${CMAKE_PREFIX_PATH}:/opt/ros/jazzy DEBUGINFOD_URLS=https://debuginfod.ubuntu.com /usr/bin/cmake --install /home/wube/health_bot_ws/build/health_bot_description
[0.817s] Level 1:colcon.colcon_core.environment:create_environment_scripts_only(health_bot_description)
[0.818s] DEBUG:colcon.colcon_core.event_handler.log_command:Invoked command in '/home/wube/health_bot_ws/build/health_bot_description' returned '0': CMAKE_PREFIX_PATH=${CMAKE_PREFIX_PATH}:/opt/ros/jazzy DEBUGINFOD_URLS=https://debuginfod.ubuntu.com /usr/bin/cmake --install /home/wube/health_bot_ws/build/health_bot_description
[0.824s] Level 1:colcon.colcon_core.environment:checking '/home/wube/health_bot_ws/install/health_bot_description' for CMake module files
[0.825s] Level 1:colcon.colcon_core.environment:checking '/home/wube/health_bot_ws/install/health_bot_description' for CMake config files
[0.826s] Level 1:colcon.colcon_core.shell:create_environment_hook('health_bot_description', 'cmake_prefix_path')
[0.826s] INFO:colcon.colcon_core.shell:Creating environment hook '/home/wube/health_bot_ws/install/health_bot_description/share/health_bot_description/hook/cmake_prefix_path.ps1'
[0.827s] INFO:colcon.colcon_core.shell:Creating environment descriptor '/home/wube/health_bot_ws/install/health_bot_description/share/health_bot_description/hook/cmake_prefix_path.dsv'
[0.828s] INFO:colcon.colcon_core.shell:Creating environment hook '/home/wube/health_bot_ws/install/health_bot_description/share/health_bot_description/hook/cmake_prefix_path.sh'
[0.830s] Level 1:colcon.colcon_core.environment:checking '/home/wube/health_bot_ws/install/health_bot_description/bin'
[0.830s] Level 1:colcon.colcon_core.environment:checking '/home/wube/health_bot_ws/install/health_bot_description/lib/pkgconfig/health_bot_description.pc'
[0.831s] Level 1:colcon.colcon_core.environment:checking '/home/wube/health_bot_ws/install/health_bot_description/lib/python3.12/site-packages'
[0.831s] Level 1:colcon.colcon_core.environment:checking '/home/wube/health_bot_ws/install/health_bot_description/bin'
[0.832s] INFO:colcon.colcon_core.shell:Creating package script '/home/wube/health_bot_ws/install/health_bot_description/share/health_bot_description/package.ps1'
[0.833s] INFO:colcon.colcon_core.shell:Creating package descriptor '/home/wube/health_bot_ws/install/health_bot_description/share/health_bot_description/package.dsv'
[0.835s] INFO:colcon.colcon_core.shell:Creating package script '/home/wube/health_bot_ws/install/health_bot_description/share/health_bot_description/package.sh'
[0.836s] INFO:colcon.colcon_core.shell:Creating package script '/home/wube/health_bot_ws/install/health_bot_description/share/health_bot_description/package.bash'
[0.838s] INFO:colcon.colcon_core.shell:Creating package script '/home/wube/health_bot_ws/install/health_bot_description/share/health_bot_description/package.zsh'
[0.839s] Level 1:colcon.colcon_core.environment:create_file_with_runtime_dependencies(/home/wube/health_bot_ws/install/health_bot_description/share/colcon-core/packages/health_bot_description)
[0.840s] Level 1:colcon.colcon_core.environment:create_environment_scripts_only(health_bot_description)
[0.840s] Level 1:colcon.colcon_core.environment:checking '/home/wube/health_bot_ws/install/health_bot_description' for CMake module files
[0.841s] Level 1:colcon.colcon_core.environment:checking '/home/wube/health_bot_ws/install/health_bot_description' for CMake config files
[0.842s] Level 1:colcon.colcon_core.shell:create_environment_hook('health_bot_description', 'cmake_prefix_path')
[0.842s] INFO:colcon.colcon_core.shell:Creating environment hook '/home/wube/health_bot_ws/install/health_bot_description/share/health_bot_description/hook/cmake_prefix_path.ps1'
[0.843s] INFO:colcon.colcon_core.shell:Creating environment descriptor '/home/wube/health_bot_ws/install/health_bot_description/share/health_bot_description/hook/cmake_prefix_path.dsv'
[0.843s] INFO:colcon.colcon_core.shell:Creating environment hook '/home/wube/health_bot_ws/install/health_bot_description/share/health_bot_description/hook/cmake_prefix_path.sh'
[0.844s] Level 1:colcon.colcon_core.environment:checking '/home/wube/health_bot_ws/install/health_bot_description/bin'
[0.844s] Level 1:colcon.colcon_core.environment:checking '/home/wube/health_bot_ws/install/health_bot_description/lib/pkgconfig/health_bot_description.pc'
[0.845s] Level 1:colcon.colcon_core.environment:checking '/home/wube/health_bot_ws/install/health_bot_description/lib/python3.12/site-packages'
[0.846s] Level 1:colcon.colcon_core.environment:checking '/home/wube/health_bot_ws/install/health_bot_description/bin'
[0.846s] INFO:colcon.colcon_core.shell:Creating package script '/home/wube/health_bot_ws/install/health_bot_description/share/health_bot_description/package.ps1'
[0.847s] INFO:colcon.colcon_core.shell:Creating package descriptor '/home/wube/health_bot_ws/install/health_bot_description/share/health_bot_description/package.dsv'
[0.848s] INFO:colcon.colcon_core.shell:Creating package script '/home/wube/health_bot_ws/install/health_bot_description/share/health_bot_description/package.sh'
[0.849s] INFO:colcon.colcon_core.shell:Creating package script '/home/wube/health_bot_ws/install/health_bot_description/share/health_bot_description/package.bash'
[0.849s] INFO:colcon.colcon_core.shell:Creating package script '/home/wube/health_bot_ws/install/health_bot_description/share/health_bot_description/package.zsh'
[0.850s] Level 1:colcon.colcon_core.environment:create_file_with_runtime_dependencies(/home/wube/health_bot_ws/install/health_bot_description/share/colcon-core/packages/health_bot_description)
[0.851s] DEBUG:colcon.colcon_parallel_executor.executor.parallel:closing loop
[0.851s] DEBUG:colcon.colcon_parallel_executor.executor.parallel:loop closed
[0.852s] DEBUG:colcon.colcon_parallel_executor.executor.parallel:run_until_complete finished with '0'
[0.852s] DEBUG:colcon.colcon_core.event_reactor:joining thread
[0.864s] INFO:colcon.colcon_core.plugin_system:Skipping extension 'colcon_notification.desktop_notification.terminal_notifier': Not used on non-Darwin systems
[0.864s] INFO:colcon.colcon_core.plugin_system:Skipping extension 'colcon_notification.desktop_notification.win32': Not used on non-Windows systems
[0.864s] INFO:colcon.colcon_notification.desktop_notification:Sending desktop notification using 'notify2'
[0.906s] DEBUG:colcon.colcon_core.event_reactor:joined thread
[0.906s] INFO:colcon.colcon_core.shell:Creating prefix script '/home/wube/health_bot_ws/install/local_setup.ps1'
[0.908s] INFO:colcon.colcon_core.shell:Creating prefix util module '/home/wube/health_bot_ws/install/_local_setup_util_ps1.py'
[0.911s] INFO:colcon.colcon_core.shell:Creating prefix chain script '/home/wube/health_bot_ws/install/setup.ps1'
[0.913s] INFO:colcon.colcon_core.shell:Creating prefix script '/home/wube/health_bot_ws/install/local_setup.sh'
[0.915s] INFO:colcon.colcon_core.shell:Creating prefix util module '/home/wube/health_bot_ws/install/_local_setup_util_sh.py'
[0.916s] INFO:colcon.colcon_core.shell:Creating prefix chain script '/home/wube/health_bot_ws/install/setup.sh'
[0.918s] INFO:colcon.colcon_core.shell:Creating prefix script '/home/wube/health_bot_ws/install/local_setup.bash'
[0.919s] INFO:colcon.colcon_core.shell:Creating prefix chain script '/home/wube/health_bot_ws/install/setup.bash'
[0.921s] INFO:colcon.colcon_core.shell:Creating prefix script '/home/wube/health_bot_ws/install/local_setup.zsh'
[0.923s] INFO:colcon.colcon_core.shell:Creating prefix chain script '/home/wube/health_bot_ws/install/setup.zsh'
