[0.020s] Invoking command in '/home/wube/health_bot_ws/build/health_bot_description': CMAKE_PREFIX_PATH=${CMAKE_PREFIX_PATH}:/opt/ros/jazzy DEBUGINFOD_URLS=https://debuginfod.ubuntu.com /usr/bin/cmake --build /home/wube/health_bot_ws/build/health_bot_description -- -j12 -l12
[0.105s] Invoked command in '/home/wube/health_bot_ws/build/health_bot_description' returned '0': CMAKE_PREFIX_PATH=${CMAKE_PREFIX_PATH}:/opt/ros/jazzy DEBUGINFOD_URLS=https://debuginfod.ubuntu.com /usr/bin/cmake --build /home/wube/health_bot_ws/build/health_bot_description -- -j12 -l12
[0.127s] Invoking command in '/home/wube/health_bot_ws/build/health_bot_description': CMAKE_PREFIX_PATH=${CMAKE_PREFIX_PATH}:/opt/ros/jazzy DEBUGINFOD_URLS=https://debuginfod.ubuntu.com /usr/bin/cmake --install /home/wube/health_bot_ws/build/health_bot_description
[0.144s] -- Install configuration: ""
[0.144s] -- Execute custom install script
[0.145s] -- Up-to-date symlink: /home/wube/health_bot_ws/install/health_bot_description/share/health_bot_description/launch/launch_sim.launch.py
[0.145s] -- Up-to-date symlink: /home/wube/health_bot_ws/install/health_bot_description/share/health_bot_description/launch/rsp.launch.py
[0.146s] -- Up-to-date symlink: /home/wube/health_bot_ws/install/health_bot_description/share/health_bot_description/urdf/inertials.xacro
[0.146s] -- Up-to-date symlink: /home/wube/health_bot_ws/install/health_bot_description/share/health_bot_description/urdf/robot.urdf.xacro
[0.146s] -- Up-to-date symlink: /home/wube/health_bot_ws/install/health_bot_description/share/health_bot_description/urdf/test.urdf
[0.147s] -- Up-to-date symlink: /home/wube/health_bot_ws/install/health_bot_description/share/health_bot_description/worlds/health_hospital.world
[0.147s] -- Up-to-date symlink: /home/wube/health_bot_ws/install/health_bot_description/share/ament_index/resource_index/package_run_dependencies/health_bot_description
[0.148s] -- Up-to-date symlink: /home/wube/health_bot_ws/install/health_bot_description/share/ament_index/resource_index/parent_prefix_path/health_bot_description
[0.148s] -- Up-to-date symlink: /home/wube/health_bot_ws/install/health_bot_description/share/health_bot_description/environment/ament_prefix_path.sh
[0.148s] -- Up-to-date symlink: /home/wube/health_bot_ws/install/health_bot_description/share/health_bot_description/environment/ament_prefix_path.dsv
[0.149s] -- Up-to-date symlink: /home/wube/health_bot_ws/install/health_bot_description/share/health_bot_description/environment/path.sh
[0.149s] -- Up-to-date symlink: /home/wube/health_bot_ws/install/health_bot_description/share/health_bot_description/environment/path.dsv
[0.149s] -- Up-to-date symlink: /home/wube/health_bot_ws/install/health_bot_description/share/health_bot_description/local_setup.bash
[0.149s] -- Up-to-date symlink: /home/wube/health_bot_ws/install/health_bot_description/share/health_bot_description/local_setup.sh
[0.150s] -- Up-to-date symlink: /home/wube/health_bot_ws/install/health_bot_description/share/health_bot_description/local_setup.zsh
[0.150s] -- Up-to-date symlink: /home/wube/health_bot_ws/install/health_bot_description/share/health_bot_description/local_setup.dsv
[0.150s] -- Symlinking: /home/wube/health_bot_ws/install/health_bot_description/share/health_bot_description/package.dsv
[0.169s] -- Up-to-date symlink: /home/wube/health_bot_ws/install/health_bot_description/share/ament_index/resource_index/packages/health_bot_description
[0.170s] -- Up-to-date symlink: /home/wube/health_bot_ws/install/health_bot_description/share/health_bot_description/cmake/health_bot_descriptionConfig.cmake
[0.170s] -- Up-to-date symlink: /home/wube/health_bot_ws/install/health_bot_description/share/health_bot_description/cmake/health_bot_descriptionConfig-version.cmake
[0.170s] -- Up-to-date symlink: /home/wube/health_bot_ws/install/health_bot_description/share/health_bot_description/package.xml
[0.174s] Invoked command in '/home/wube/health_bot_ws/build/health_bot_description' returned '0': CMAKE_PREFIX_PATH=${CMAKE_PREFIX_PATH}:/opt/ros/jazzy DEBUGINFOD_URLS=https://debuginfod.ubuntu.com /usr/bin/cmake --install /home/wube/health_bot_ws/build/health_bot_description
