[0.016s] Invoking command in '/home/wube/health_bot_ws/build/health_bot_description': CMAKE_PREFIX_PATH=${CMAKE_PREFIX_PATH}:/opt/ros/jazzy DEBUGINFOD_URLS=https://debuginfod.ubuntu.com /usr/bin/cmake /home/wube/health_bot_ws/src/health_bot_description -DCMAKE_INSTALL_PREFIX=/home/wube/health_bot_ws/install/health_bot_description
[0.040s] -- Found ament_cmake: 2.5.5 (/opt/ros/jazzy/share/ament_cmake/cmake)
[0.429s] -- Found ament_lint_auto: 0.17.4 (/opt/ros/jazzy/share/ament_lint_auto/cmake)
[0.650s] -- Added test 'lint_cmake' to check CMake code style
[0.653s] -- Added test 'xmllint' to check XML markup files
[0.656s] -- Configuring done (0.6s)
[0.661s] -- Generating done (0.0s)
[0.664s] -- Build files have been written to: /home/wube/health_bot_ws/build/health_bot_description
[0.669s] Invoked command in '/home/wube/health_bot_ws/build/health_bot_description' returned '0': CMAKE_PREFIX_PATH=${CMAKE_PREFIX_PATH}:/opt/ros/jazzy DEBUGINFOD_URLS=https://debuginfod.ubuntu.com /usr/bin/cmake /home/wube/health_bot_ws/src/health_bot_description -DCMAKE_INSTALL_PREFIX=/home/wube/health_bot_ws/install/health_bot_description
[0.671s] Invoking command in '/home/wube/health_bot_ws/build/health_bot_description': CMAKE_PREFIX_PATH=${CMAKE_PREFIX_PATH}:/opt/ros/jazzy DEBUGINFOD_URLS=https://debuginfod.ubuntu.com /usr/bin/cmake --build /home/wube/health_bot_ws/build/health_bot_description -- -j12 -l12
[0.743s] Invoked command in '/home/wube/health_bot_ws/build/health_bot_description' returned '0': CMAKE_PREFIX_PATH=${CMAKE_PREFIX_PATH}:/opt/ros/jazzy DEBUGINFOD_URLS=https://debuginfod.ubuntu.com /usr/bin/cmake --build /home/wube/health_bot_ws/build/health_bot_description -- -j12 -l12
[0.763s] Invoking command in '/home/wube/health_bot_ws/build/health_bot_description': CMAKE_PREFIX_PATH=${CMAKE_PREFIX_PATH}:/opt/ros/jazzy DEBUGINFOD_URLS=https://debuginfod.ubuntu.com /usr/bin/cmake --install /home/wube/health_bot_ws/build/health_bot_description
[0.777s] -- Install configuration: ""
[0.778s] -- Installing: /home/wube/health_bot_ws/install/health_bot_description/share/ament_index/resource_index/package_run_dependencies/health_bot_description
[0.778s] -- Installing: /home/wube/health_bot_ws/install/health_bot_description/share/ament_index/resource_index/parent_prefix_path/health_bot_description
[0.778s] -- Installing: /home/wube/health_bot_ws/install/health_bot_description/share/health_bot_description/environment/ament_prefix_path.sh
[0.778s] -- Installing: /home/wube/health_bot_ws/install/health_bot_description/share/health_bot_description/environment/ament_prefix_path.dsv
[0.779s] -- Installing: /home/wube/health_bot_ws/install/health_bot_description/share/health_bot_description/environment/path.sh
[0.779s] -- Installing: /home/wube/health_bot_ws/install/health_bot_description/share/health_bot_description/environment/path.dsv
[0.779s] -- Installing: /home/wube/health_bot_ws/install/health_bot_description/share/health_bot_description/local_setup.bash
[0.779s] -- Installing: /home/wube/health_bot_ws/install/health_bot_description/share/health_bot_description/local_setup.sh
[0.779s] -- Installing: /home/wube/health_bot_ws/install/health_bot_description/share/health_bot_description/local_setup.zsh
[0.779s] -- Installing: /home/wube/health_bot_ws/install/health_bot_description/share/health_bot_description/local_setup.dsv
[0.780s] -- Installing: /home/wube/health_bot_ws/install/health_bot_description/share/health_bot_description/package.dsv
[0.780s] -- Installing: /home/wube/health_bot_ws/install/health_bot_description/share/ament_index/resource_index/packages/health_bot_description
[0.780s] -- Installing: /home/wube/health_bot_ws/install/health_bot_description/share/health_bot_description/cmake/health_bot_descriptionConfig.cmake
[0.780s] -- Installing: /home/wube/health_bot_ws/install/health_bot_description/share/health_bot_description/cmake/health_bot_descriptionConfig-version.cmake
[0.781s] -- Installing: /home/wube/health_bot_ws/install/health_bot_description/share/health_bot_description/package.xml
[0.784s] Invoked command in '/home/wube/health_bot_ws/build/health_bot_description' returned '0': CMAKE_PREFIX_PATH=${CMAKE_PREFIX_PATH}:/opt/ros/jazzy DEBUGINFOD_URLS=https://debuginfod.ubuntu.com /usr/bin/cmake --install /home/wube/health_bot_ws/build/health_bot_description
