[0.021s] Invoking command in '/home/wube/health_bot_ws/build/health_bot_description': CMAKE_PREFIX_PATH=${CMAKE_PREFIX_PATH}:/opt/ros/jazzy DEBUGINFOD_URLS=https://debuginfod.ubuntu.com /usr/bin/cmake --build /home/wube/health_bot_ws/build/health_bot_description -- -j12 -l12
[0.124s] Invoked command in '/home/wube/health_bot_ws/build/health_bot_description' returned '0': CMAKE_PREFIX_PATH=${CMAKE_PREFIX_PATH}:/opt/ros/jazzy DEBUGINFOD_URLS=https://debuginfod.ubuntu.com /usr/bin/cmake --build /home/wube/health_bot_ws/build/health_bot_description -- -j12 -l12
[0.145s] Invoking command in '/home/wube/health_bot_ws/build/health_bot_description': CMAKE_PREFIX_PATH=${CMAKE_PREFIX_PATH}:/opt/ros/jazzy DEBUGINFOD_URLS=https://debuginfod.ubuntu.com /usr/bin/cmake --install /home/wube/health_bot_ws/build/health_bot_description
[0.165s] -- Install configuration: ""
[0.167s] -- Execute custom install script
[0.170s] -- Up-to-date symlink: /home/wube/health_bot_ws/install/health_bot_description/share/health_bot_description/launch/launch_sim.launch.py
[0.171s] -- Up-to-date symlink: /home/wube/health_bot_ws/install/health_bot_description/share/health_bot_description/launch/rsp.launch.py
[0.172s] -- Up-to-date symlink: /home/wube/health_bot_ws/install/health_bot_description/share/health_bot_description/urdf/inertials.xacro
[0.172s] -- Up-to-date symlink: /home/wube/health_bot_ws/install/health_bot_description/share/health_bot_description/urdf/robot.urdf.xacro
[0.173s] -- Up-to-date symlink: /home/wube/health_bot_ws/install/health_bot_description/share/health_bot_description/urdf/test.urdf
[0.174s] -- Up-to-date symlink: /home/wube/health_bot_ws/install/health_bot_description/share/health_bot_description/worlds/health_hospital.world
[0.176s] -- Up-to-date symlink: /home/wube/health_bot_ws/install/health_bot_description/share/ament_index/resource_index/package_run_dependencies/health_bot_description
[0.176s] -- Up-to-date symlink: /home/wube/health_bot_ws/install/health_bot_description/share/ament_index/resource_index/parent_prefix_path/health_bot_description
[0.177s] -- Up-to-date symlink: /home/wube/health_bot_ws/install/health_bot_description/share/health_bot_description/environment/ament_prefix_path.sh
[0.178s] -- Up-to-date symlink: /home/wube/health_bot_ws/install/health_bot_description/share/health_bot_description/environment/ament_prefix_path.dsv
[0.178s] -- Up-to-date symlink: /home/wube/health_bot_ws/install/health_bot_description/share/health_bot_description/environment/path.sh
[0.179s] -- Up-to-date symlink: /home/wube/health_bot_ws/install/health_bot_description/share/health_bot_description/environment/path.dsv
[0.180s] -- Up-to-date symlink: /home/wube/health_bot_ws/install/health_bot_description/share/health_bot_description/local_setup.bash
[0.181s] -- Up-to-date symlink: /home/wube/health_bot_ws/install/health_bot_description/share/health_bot_description/local_setup.sh
[0.181s] -- Up-to-date symlink: /home/wube/health_bot_ws/install/health_bot_description/share/health_bot_description/local_setup.zsh
[0.182s] -- Up-to-date symlink: /home/wube/health_bot_ws/install/health_bot_description/share/health_bot_description/local_setup.dsv
[0.182s] -- Symlinking: /home/wube/health_bot_ws/install/health_bot_description/share/health_bot_description/package.dsv
[0.201s] -- Up-to-date symlink: /home/wube/health_bot_ws/install/health_bot_description/share/ament_index/resource_index/packages/health_bot_description
[0.201s] -- Up-to-date symlink: /home/wube/health_bot_ws/install/health_bot_description/share/health_bot_description/cmake/health_bot_descriptionConfig.cmake
[0.202s] -- Up-to-date symlink: /home/wube/health_bot_ws/install/health_bot_description/share/health_bot_description/cmake/health_bot_descriptionConfig-version.cmake
[0.202s] -- Up-to-date symlink: /home/wube/health_bot_ws/install/health_bot_description/share/health_bot_description/package.xml
[0.206s] Invoked command in '/home/wube/health_bot_ws/build/health_bot_description' returned '0': CMAKE_PREFIX_PATH=${CMAKE_PREFIX_PATH}:/opt/ros/jazzy DEBUGINFOD_URLS=https://debuginfod.ubuntu.com /usr/bin/cmake --install /home/wube/health_bot_ws/build/health_bot_description
