[0.022s] Invoking command in '/home/wube/health_bot_ws/build/health_bot_description': CMAKE_PREFIX_PATH=${CMAKE_PREFIX_PATH}:/opt/ros/jazzy DEBUGINFOD_URLS=https://debuginfod.ubuntu.com /usr/bin/cmake --build /home/wube/health_bot_ws/build/health_bot_description -- -j12 -l12
[0.073s] -- Found ament_cmake: 2.5.5 (/opt/ros/jazzy/share/ament_cmake/cmake)
[0.552s] -- Found ament_lint_auto: 0.17.4 (/opt/ros/jazzy/share/ament_lint_auto/cmake)
[0.753s] -- Added test 'flake8' to check Python code syntax and style conventions
[0.753s] -- Configured 'flake8' exclude dirs and/or files: 
[0.757s] -- Added test 'lint_cmake' to check CMake code style
[0.758s] -- Added test 'pep257' to check Python code against some of the docstring style conventions in PEP 257
[0.761s] -- Added test 'xmllint' to check XML markup files
[0.762s] -- Configuring done (0.7s)
[0.769s] -- Generating done (0.0s)
[0.774s] -- Build files have been written to: /home/wube/health_bot_ws/build/health_bot_description
[0.818s] Invoked command in '/home/wube/health_bot_ws/build/health_bot_description' returned '0': CMAKE_PREFIX_PATH=${CMAKE_PREFIX_PATH}:/opt/ros/jazzy DEBUGINFOD_URLS=https://debuginfod.ubuntu.com /usr/bin/cmake --build /home/wube/health_bot_ws/build/health_bot_description -- -j12 -l12
[0.841s] Invoking command in '/home/wube/health_bot_ws/build/health_bot_description': CMAKE_PREFIX_PATH=${CMAKE_PREFIX_PATH}:/opt/ros/jazzy DEBUGINFOD_URLS=https://debuginfod.ubuntu.com /usr/bin/cmake --install /home/wube/health_bot_ws/build/health_bot_description
[0.857s] -- Install configuration: ""
[0.857s] -- Installing: /home/wube/health_bot_ws/install/health_bot_description/share/health_bot_description/launch
[0.857s] -- Installing: /home/wube/health_bot_ws/install/health_bot_description/share/health_bot_description/launch/rsp.launch.py
[0.857s] -- Installing: /home/wube/health_bot_ws/install/health_bot_description/share/health_bot_description/urdf
[0.858s] -- Installing: /home/wube/health_bot_ws/install/health_bot_description/share/health_bot_description/urdf/inertials.xacro
[0.858s] -- Installing: /home/wube/health_bot_ws/install/health_bot_description/share/health_bot_description/urdf/test.urdf
[0.858s] -- Installing: /home/wube/health_bot_ws/install/health_bot_description/share/health_bot_description/urdf/robot.urdf.xacro
[0.858s] -- Up-to-date: /home/wube/health_bot_ws/install/health_bot_description/share/ament_index/resource_index/package_run_dependencies/health_bot_description
[0.858s] -- Up-to-date: /home/wube/health_bot_ws/install/health_bot_description/share/ament_index/resource_index/parent_prefix_path/health_bot_description
[0.859s] -- Up-to-date: /home/wube/health_bot_ws/install/health_bot_description/share/health_bot_description/environment/ament_prefix_path.sh
[0.859s] -- Up-to-date: /home/wube/health_bot_ws/install/health_bot_description/share/health_bot_description/environment/ament_prefix_path.dsv
[0.859s] -- Up-to-date: /home/wube/health_bot_ws/install/health_bot_description/share/health_bot_description/environment/path.sh
[0.859s] -- Up-to-date: /home/wube/health_bot_ws/install/health_bot_description/share/health_bot_description/environment/path.dsv
[0.859s] -- Up-to-date: /home/wube/health_bot_ws/install/health_bot_description/share/health_bot_description/local_setup.bash
[0.859s] -- Up-to-date: /home/wube/health_bot_ws/install/health_bot_description/share/health_bot_description/local_setup.sh
[0.859s] -- Up-to-date: /home/wube/health_bot_ws/install/health_bot_description/share/health_bot_description/local_setup.zsh
[0.859s] -- Up-to-date: /home/wube/health_bot_ws/install/health_bot_description/share/health_bot_description/local_setup.dsv
[0.860s] -- Up-to-date: /home/wube/health_bot_ws/install/health_bot_description/share/health_bot_description/package.dsv
[0.860s] -- Up-to-date: /home/wube/health_bot_ws/install/health_bot_description/share/ament_index/resource_index/packages/health_bot_description
[0.860s] -- Up-to-date: /home/wube/health_bot_ws/install/health_bot_description/share/health_bot_description/cmake/health_bot_descriptionConfig.cmake
[0.860s] -- Up-to-date: /home/wube/health_bot_ws/install/health_bot_description/share/health_bot_description/cmake/health_bot_descriptionConfig-version.cmake
[0.860s] -- Up-to-date: /home/wube/health_bot_ws/install/health_bot_description/share/health_bot_description/package.xml
[0.863s] Invoked command in '/home/wube/health_bot_ws/build/health_bot_description' returned '0': CMAKE_PREFIX_PATH=${CMAKE_PREFIX_PATH}:/opt/ros/jazzy DEBUGINFOD_URLS=https://debuginfod.ubuntu.com /usr/bin/cmake --install /home/wube/health_bot_ws/build/health_bot_description
